0: jdbc:hive2://localhost:10000> explain select count(1) from artist_pq where id < 10;
+----------------------------------------------------+
|                      Explain                       |
+----------------------------------------------------+
| STAGE DEPENDENCIES:                                |
|   Stage-1 is a root stage                          |
|   Stage-0 depends on stages: Stage-1               |
|                                                    |
| STAGE PLANS:                                       |
|   Stage: Stage-1                                   |
|     Map Reduce                                     |
|       Map Operator Tree:                           |
|           TableScan                                |
|             alias: artist_pq                       |
|             Statistics: Num rows: 1848707 Data size: 3697414 Basic stats: COMPLETE Column stats: NONE |
|             Filter Operator                        |
|               predicate: (id < 10) (type: boolean) |
|               Statistics: Num rows: 616235 Data size: 1232470 Basic stats: COMPLETE Column stats: NONE |
|               Select Operator                      |
|                 Statistics: Num rows: 616235 Data size: 1232470 Basic stats: COMPLETE Column stats: NONE |
|                 Group By Operator                  |
|                   aggregations: count(1)           |
|                   mode: hash                       |
|                   outputColumnNames: _col0         |
|                   Statistics: Num rows: 1 Data size: 8 Basic stats: COMPLETE Column stats: NONE |
|                   Reduce Output Operator           |
|                     sort order:                    |
|                     Statistics: Num rows: 1 Data size: 8 Basic stats: COMPLETE Column stats: NONE |
|                     value expressions: _col0 (type: bigint) |
|       Reduce Operator Tree:                        |
|         Group By Operator                          |
|           aggregations: count(VALUE._col0)         |
|           mode: mergepartial                       |
|           outputColumnNames: _col0                 |
|           Statistics: Num rows: 1 Data size: 8 Basic stats: COMPLETE Column stats: NONE |
|           File Output Operator                     |
|             compressed: false                      |
|             Statistics: Num rows: 1 Data size: 8 Basic stats: COMPLETE Column stats: NONE |
|             table:                                 |
|                 input format: org.apache.hadoop.mapred.SequenceFileInputFormat |
|                 output format: org.apache.hadoop.hive.ql.io.HiveSequenceFileOutputFormat |
|                 serde: org.apache.hadoop.hive.serde2.lazy.LazySimpleSerDe |
|                                                    |
|   Stage: Stage-0                                   |
|     Fetch Operator                                 |
|       limit: -1                                    |
|       Processor Tree:                              |
|         ListSink                                   |
|                                                    |
+----------------------------------------------------+
